#-----------------------------------------------------------
# Vivado v2017.2 (64-bit)
# SW Build 1909853 on Thu Jun 15 18:39:09 MDT 2017
# IP Build 1909766 on Thu Jun 15 19:58:00 MDT 2017
# Start of session at: Fri Sep 29 08:33:08 2017
# Process ID: 11736
# Current directory: C:/Users/Rob Dunn/Documents/School/ENEL 453/VHDL_Class/Lab 2/Lab_2_Vivado
# Command line: vivado.exe -gui_launcher_event rodinguilauncherevent10664 C:\Users\Rob Dunn\Documents\School\ENEL 453\VHDL_Class\Lab 2\Lab_2_Vivado\Lab_2_Vivado.xpr
# Log file: C:/Users/Rob Dunn/Documents/School/ENEL 453/VHDL_Class/Lab 2/Lab_2_Vivado/vivado.log
# Journal file: C:/Users/Rob Dunn/Documents/School/ENEL 453/VHDL_Class/Lab 2/Lab_2_Vivado\vivado.jou
#-----------------------------------------------------------
start_gui
open_project {C:/Users/Rob Dunn/Documents/School/ENEL 453/VHDL_Class/Lab 2/Lab_2_Vivado/Lab_2_Vivado.xpr}
Scanning sources...
Finished scanning sources
INFO: [IP_Flow 19-234] Refreshing IP repositories
INFO: [IP_Flow 19-1704] No user IP repositories specified
INFO: [IP_Flow 19-2313] Loaded Vivado IP repository 'C:/Xilinx/Vivado/2017.2/data/ip'.
open_project: Time (s): cpu = 00:00:13 ; elapsed = 00:00:05 . Memory (MB): peak = 795.723 ; gain = 105.547
update_compile_order -fileset sources_exit
INFO: [Common 17-206] Exiting Vivado at Fri Sep 29 08:45:28 2017...
.
