Vivado Simulator 2017.2
Copyright 1986-1999, 2001-2016 Xilinx, Inc. All Rights Reserved.
Running: C:/Xilinx/Vivado/2017.2/bin/unwrapped/win64.o/xelab.exe -wto 00e315f3c04e4c0e933e8595547c4992 --debug typical --relax --mt 2 -L xil_defaultlib -L secureip --snapshot tb_vga_module_behav xil_defaultlib.tb_vga_module -log elaborate.log 
Using 2 slave threads.
Starting static elaboration
Completed static elaboration
Starting simulation data flow analysis
Completed simulation data flow analysis
Time Resolution for simulation is 1ps
Compiling package std.standard
Compiling package std.textio
Compiling package ieee.std_logic_1164
Compiling package ieee.std_logic_arith
Compiling package ieee.std_logic_unsigned
Compiling package ieee.numeric_std
Compiling architecture behavioral of entity xil_defaultlib.debouncer [debouncer_default]
Compiling architecture behavioral of entity xil_defaultlib.sync_signals_generator [sync_signals_generator_default]
Compiling architecture behavioral of entity xil_defaultlib.up_down_counter [\up_down_counter(width=9)\]
Compiling architecture behavioral of entity xil_defaultlib.downcounter [\downcounter(period=3,width=2)\]
Compiling architecture behavioral of entity xil_defaultlib.downcounter [\downcounter(period=99999,width=...]
Compiling architecture behavioral of entity xil_defaultlib.downcounter [\downcounter(period=9,width=4)\]
Compiling architecture behavioral of entity xil_defaultlib.downcounter [\downcounter(period=5)\]
Compiling architecture behavioral of entity xil_defaultlib.clock_divider [clock_divider_default]
Compiling architecture behavioral of entity xil_defaultlib.vga_stripes_dff [vga_stripes_dff_default]
Compiling architecture behavioral of entity xil_defaultlib.bouncing_box [bouncing_box_default]
Compiling architecture behavioral of entity xil_defaultlib.vga_module [vga_module_default]
Compiling architecture behavior of entity xil_defaultlib.tb_vga_module
Built simulation snapshot tb_vga_module_behav
