#-----------------------------------------------------------
# Vivado v2017.2 (64-bit)
# SW Build 1909853 on Thu Jun 15 18:39:09 MDT 2017
# IP Build 1909766 on Thu Jun 15 19:58:00 MDT 2017
# Start of session at: Thu Sep 14 09:56:33 2017
# Process ID: 1052
# Current directory: F:/ENEL 453/LAB1_GIESBRECHT_DUNN_OH
# Command line: vivado.exe -gui_launcher_event rodinguilauncherevent6256 F:\ENEL 453\LAB1_GIESBRECHT_DUNN_OH\LAB1_GIESBRECHT_DUNN_OH.xpr
# Log file: F:/ENEL 453/LAB1_GIESBRECHT_DUNN_OH/vivado.log
# Journal file: F:/ENEL 453/LAB1_GIESBRECHT_DUNN_OH\vivado.jou
#-----------------------------------------------------------
start_gui
open_project {F:/ENEL 453/LAB1_GIESBRECHT_DUNN_OH/LAB1_GIESBRECHT_DUNN_OH.xpr}
INFO: [Project 1-313] Project file moved from 'C:/Users/alexandria.giesbrech/LAB1_GIESBRECHT_DUNN_OH' since last save.
Scanning sources...
Finished scanning sources
INFO: [IP_Flow 19-234] Refreshing IP repositories
INFO: [IP_Flow 19-1704] No user IP repositories specified
INFO: [IP_Flow 19-2313] Loaded Vivado IP repository 'C:/Xilinx/Vivado/2017.2/data/ip'.
update_compile_order -fileset sources_1
move_files [get_files  {{F:/ENEL 453/LAB1_GIESBRECHT_DUNN_OH/tb_switch_logic.vhd}}]
update_compile_order -fileset sources_1
update_compile_order -fileset sources_1
move_files -fileset sim_1 [get_files  {{F:/ENEL 453/LAB1_GIESBRECHT_DUNN_OH/Switch_logic.vhd}}]
move_files -fileset sim_1 [get_files  {{F:/ENEL 453/LAB1_GIESBRECHT_DUNN_OH/tb_switch_logic.vhd}}]
exit
INFO: [Common 17-206] Exiting Vivado at Thu Sep 14 10:30:04 2017...
